0 info it worked if it ends with ok
1 verbose cli [ '/home/null/.nvm/versions/node/v7.7.1/bin/node',
1 verbose cli   '/home/null/.nvm/versions/node/v7.7.1/bin/npm',
1 verbose cli   'install',
1 verbose cli   './poker_event_handlers.js',
1 verbose cli   '--save' ]
2 info using npm@4.1.2
3 info using node@v7.7.1
4 silly loadCurrentTree Starting
5 silly install loadCurrentTree
6 silly install readLocalPackageData
7 silly fetchPackageMetaData ./poker_event_handlers.js
8 silly fetchOtherPackageData ./poker_event_handlers.js
9 silly cache add args [ './poker_event_handlers.js', null ]
10 verbose cache add spec ./poker_event_handlers.js
11 silly cache add parsed spec Result {
11 silly cache add   raw: './poker_event_handlers.js',
11 silly cache add   scope: null,
11 silly cache add   escapedName: null,
11 silly cache add   name: null,
11 silly cache add   rawSpec: './poker_event_handlers.js',
11 silly cache add   spec: '/home/null/Documents/node/poker-tower/poker_event_handlers.js',
11 silly cache add   type: 'local' }
12 silly addLocalTarball shasum (computed) 5d95c009f2979f912bfcba38b580572094fd5ba4
13 verbose addTmpTarball /home/null/Documents/node/poker-tower/poker_event_handlers.js not in flight; adding
14 verbose correctMkdir /home/null/.npm correctMkdir not in flight; initializing
15 verbose addTmpTarball validating metadata from /home/null/Documents/node/poker-tower/poker_event_handlers.js
16 verbose tar unpack /home/null/Documents/node/poker-tower/poker_event_handlers.js
17 verbose tar unpacking to /tmp/npm-3341-36c01bb8/unpack-2d6edc08
18 silly gentlyRm /tmp/npm-3341-36c01bb8/unpack-2d6edc08 is being purged
19 verbose gentlyRm don't care about contents; nuking /tmp/npm-3341-36c01bb8/unpack-2d6edc08
20 silly gunzTarPerm modes [ '755', '644' ]
21 error not a package /home/null/Documents/node/poker-tower/poker_event_handlers.js
22 error addLocal Could not install /home/null/Documents/node/poker-tower/poker_event_handlers.js
23 silly fetchPackageMetaData Error: ENOENT: no such file or directory, open '/tmp/npm-3341-36c01bb8/unpack-2d6edc08/package.json'
23 silly fetchPackageMetaData  error for ./poker_event_handlers.js { Error: ENOENT: no such file or directory, open '/tmp/npm-3341-36c01bb8/unpack-2d6edc08/package.json'
23 silly fetchPackageMetaData   errno: -2,
23 silly fetchPackageMetaData   code: 'ENOENT',
23 silly fetchPackageMetaData   syscall: 'open',
23 silly fetchPackageMetaData   path: '/tmp/npm-3341-36c01bb8/unpack-2d6edc08/package.json' }
24 silly rollbackFailedOptional Starting
25 silly rollbackFailedOptional Finishing
26 silly runTopLevelLifecycles Finishing
27 silly install printInstalled
28 verbose stack Error: ENOENT: no such file or directory, open '/tmp/npm-3341-36c01bb8/unpack-2d6edc08/package.json'
29 verbose cwd /home/null/Documents/node/poker-tower
30 error Linux 4.11.3-1-ARCH
31 error argv "/home/null/.nvm/versions/node/v7.7.1/bin/node" "/home/null/.nvm/versions/node/v7.7.1/bin/npm" "install" "./poker_event_handlers.js" "--save"
32 error node v7.7.1
33 error npm  v4.1.2
34 error path /tmp/npm-3341-36c01bb8/unpack-2d6edc08/package.json
35 error code ENOENT
36 error errno -2
37 error syscall open
38 error enoent ENOENT: no such file or directory, open '/tmp/npm-3341-36c01bb8/unpack-2d6edc08/package.json'
39 error enoent ENOENT: no such file or directory, open '/tmp/npm-3341-36c01bb8/unpack-2d6edc08/package.json'
39 error enoent This is most likely not a problem with npm itself
39 error enoent and is related to npm not being able to find a file.
40 verbose exit [ -2, true ]
